Removed Pin From Net: NetName=GND Pin=S2-1
Removed Pin From Net: NetName=BT1 Pin=S2-2
Removed Member From Class: ClassName=doan2 Member=S2
Removed Member From Class: ClassName=doan2 Member=U8
Added Component: Designator=SW1(SW2)
Add component (AddParameter): Name = "Value"; Value = "SW chip 2 pin"; VariantName = "[No Variations]"
Added Pin To Net: NetName=GND Pin=SW1-1
Added Pin To Net: NetName=BT1 Pin=SW1-2
Added Member To Class: ClassName=doan2 Member=Component C8 Cap Non-pol
Added Member To Class: ClassName=doan2 Member=Component C10 Cap Non-pol
Added Member To Class: ClassName=doan2 Member=Component C12 Cap Non-pol
Added Member To Class: ClassName=doan2 Member=Component C13 Cap Non-pol
Added Member To Class: ClassName=doan2 Member=Component R5 RES_SMD_0805
Added Member To Class: ClassName=doan2 Member=Component R6 RES_SMD_0805
Added Member To Class: ClassName=doan2 Member=Component R7 RES_SMD_0805
Added Member To Class: ClassName=doan2 Member=Component SW1 SW
Added Member To Class: ClassName=doan2 Member=Component U4 CH340G
Added Member To Class: ClassName=Power_supply Member=Component U5 TP4056
Added Member To Class: ClassName=Power_supply Member=Component U6 DW01A
Added Member To Class: ClassName=Power_supply Member=Component U7 MC34063ADG4
