Removed Pin From Net: NetName=+5 Pin=P4-2
Removed Pin From Net: NetName=+5 Pin=P4-4
Removed Pin From Net: NetName=+5 Pin=P4-6
Removed Pin From Net: NetName=+5 Pin=P4-8
Removed Pin From Net: NetName=+5 Pin=P4-10
Removed Pin From Net: NetName=S2 Pin=P4-11
Removed Pin From Net: NetName=+5 Pin=P4-12
Removed Pin From Net: NetName=+5 Pin=P4-14
Change Component Footprint: Designator=P4 Old Footprint=Header 7x2 New Footprint=HDR1X7
Change Component Comment : Designator=P4 Old Comment=Header7x2 New Comment=Header 7_1
Change Component Designator: OldDesignator=R9 NewDesignator=R10
Change Component Designator: OldDesignator=R10 NewDesignator=R11
Change Component Designator: OldDesignator=R11 NewDesignator=R9
Added Component: Designator=P6(HDR1X7)
Add component (AddParameter): Name = "LatestRevisionDate"; Value = "17-Jul-2002"; VariantName = "[No Variations]"
Add component (AddParameter): Name = "LatestRevisionNote"; Value = "Re-released for DXP Platform."; VariantName = "[No Variations]"
Add component (AddParameter): Name = "Publisher"; Value = "Altium Limited"; VariantName = "[No Variations]"
Added Pin To Net: NetName=S2 Pin=P4-6
Added Pin To Net: NetName=+5 Pin=P6-1
Added Pin To Net: NetName=+5 Pin=P6-2
Added Pin To Net: NetName=+5 Pin=P6-3
Added Pin To Net: NetName=+5 Pin=P6-4
Added Pin To Net: NetName=+5 Pin=P6-5
Added Pin To Net: NetName=+5 Pin=P6-6
Added Pin To Net: NetName=+5 Pin=P6-7
Change Net Name : Old Net Name=NetR11_2 New Net Name=NetR9_2
Change Net Name : Old Net Name=S4 New Net Name=S1
Change Net Name : Old Net Name=S5 New Net Name=S3
Change Net Name : Old Net Name=S6 New Net Name=S5
Added Pin To Net: NetName=S4 Pin=P4-4
Added Net: Name=S4
Added Pin To Net: NetName=S6 Pin=P4-2
Added Net: Name=S6
Added Member To Class: ClassName=Sheet1 Member=Component P6 Header 7_1
