Removed Pin From Net: NetName=SDA Pin=R8-1
Removed Pin From Net: NetName=+5 Pin=R8-2
Removed Pin From Net: NetName=SCL Pin=R9-1
Removed Pin From Net: NetName=+5 Pin=R9-2
Change Component Footprint: Designator=R8 Old Footprint=R1/4W New Footprint=R-0805
Change Component Footprint: Designator=R9 Old Footprint=R1/4W New Footprint=R-0805
Change Component Comment : Designator=R8 Old Comment=10k New Comment=RESISTOR
Change Component Comment : Designator=R9 Old Comment=10k New Comment=RESISTOR
Change component parameters: Designator = "R8" ("R8"); Footprint = "R1/4W"; UniqueID = "\JURSTWAP" ("\JURSTWAP")
Change component parameters (AddParameter): Name = "LatestRevisionDate"; Value = "17-Jul-2002"; VariantName = "[No Variations]"
Change component parameters (AddParameter): Name = "LatestRevisionNote"; Value = "Re-released for DXP Platform."; VariantName = "[No Variations]"
Change component parameters (AddParameter): Name = "PackageReference"; Value = "AXIAL-0.3"; VariantName = "[No Variations]"
Change component parameters (AddParameter): Name = "Published"; Value = "8-Jun-2000"; VariantName = "[No Variations]"
Change component parameters (AddParameter): Name = "Publisher"; Value = "Altium Limited"; VariantName = "[No Variations]"
Change component parameters (AddParameter): Name = "Value"; Value = "100R"; VariantName = "[No Variations]"
Change component parameters: Designator = "R9" ("R9"); Footprint = "R1/4W"; UniqueID = "\OHESZODR" ("\OHESZODR")
Change component parameters (AddParameter): Name = "LatestRevisionDate"; Value = "17-Jul-2002"; VariantName = "[No Variations]"
Change component parameters (AddParameter): Name = "LatestRevisionNote"; Value = "Re-released for DXP Platform."; VariantName = "[No Variations]"
Change component parameters (AddParameter): Name = "PackageReference"; Value = "AXIAL-0.3"; VariantName = "[No Variations]"
Change component parameters (AddParameter): Name = "Published"; Value = "8-Jun-2000"; VariantName = "[No Variations]"
Change component parameters (AddParameter): Name = "Publisher"; Value = "Altium Limited"; VariantName = "[No Variations]"
Change component parameters (AddParameter): Name = "Value"; Value = "100R"; VariantName = "[No Variations]"
Added Pin To Net: NetName=+5 Pin=R8-1
Added Pin To Net: NetName=SDA Pin=R8-2
Added Pin To Net: NetName=+5 Pin=R9-1
Added Pin To Net: NetName=SCL Pin=R9-2
