Removed Pin From Net: NetName=1 Pin=JP1-1
Removed Pin From Net: NetName=2 Pin=JP1-2
Removed Pin From Net: NetName=3 Pin=JP1-3
Removed Pin From Net: NetName=4 Pin=JP1-4
Removed Pin From Net: NetName=1 Pin=U1-11
Removed Pin From Net: NetName=2 Pin=U1-12
Removed Pin From Net: NetName=3 Pin=U1-13
Removed Pin From Net: NetName=4 Pin=U1-14
Added Pin To Net: NetName=1R Pin=JP1-1
Added Pin To Net: NetName=1R Pin=U1-11
Added Net: Name=1R
Added Pin To Net: NetName=2R Pin=JP1-2
Added Pin To Net: NetName=2R Pin=U1-12
Added Net: Name=2R
Added Pin To Net: NetName=NetJP1_3 Pin=JP1-3
Added Pin To Net: NetName=NetJP1_3 Pin=U1-13
Added Net: Name=NetJP1_3
Added Pin To Net: NetName=NetJP1_4 Pin=JP1-4
Added Pin To Net: NetName=NetJP1_4 Pin=U1-14
Added Net: Name=NetJP1_4
