Added Component: Designator=P1(Header 8)
Add component (AddParameter): Name = "LatestRevisionDate"; Value = "17-Jul-2002"; VariantName = "[No Variations]"
Add component (AddParameter): Name = "LatestRevisionNote"; Value = "Re-released for DXP Platform."; VariantName = "[No Variations]"
Add component (AddParameter): Name = "Publisher"; Value = "Altium Limited"; VariantName = "[No Variations]"
Added Component: Designator=P2(HDR1X2H)
Add component (AddParameter): Name = "LatestRevisionDate"; Value = "17-Jul-2002"; VariantName = "[No Variations]"
Add component (AddParameter): Name = "LatestRevisionNote"; Value = "Re-released for DXP Platform."; VariantName = "[No Variations]"
Add component (AddParameter): Name = "Publisher"; Value = "Altium Limited"; VariantName = "[No Variations]"
Added Component: Designator=P3(HDR1X2H)
Add component (AddParameter): Name = "LatestRevisionDate"; Value = "17-Jul-2002"; VariantName = "[No Variations]"
Add component (AddParameter): Name = "LatestRevisionNote"; Value = "Re-released for DXP Platform."; VariantName = "[No Variations]"
Add component (AddParameter): Name = "Publisher"; Value = "Altium Limited"; VariantName = "[No Variations]"
Added Component: Designator=P4(HDR1X2H)
Add component (AddParameter): Name = "LatestRevisionDate"; Value = "17-Jul-2002"; VariantName = "[No Variations]"
Add component (AddParameter): Name = "LatestRevisionNote"; Value = "Re-released for DXP Platform."; VariantName = "[No Variations]"
Add component (AddParameter): Name = "Publisher"; Value = "Altium Limited"; VariantName = "[No Variations]"
Added Component: Designator=P5(Header 2)
Add component (AddParameter): Name = "LatestRevisionDate"; Value = "17-Jul-2002"; VariantName = "[No Variations]"
Add component (AddParameter): Name = "LatestRevisionNote"; Value = "Re-released for DXP Platform."; VariantName = "[No Variations]"
Add component (AddParameter): Name = "Publisher"; Value = "Altium Limited"; VariantName = "[No Variations]"
Added Pin To Net: NetName=A1 Pin=P1-8
Added Pin To Net: NetName=A1 Pin=U3-11
Added Net: Name=A1
Added Pin To Net: NetName=A2 Pin=P1-7
Added Pin To Net: NetName=A2 Pin=U3-12
Added Net: Name=A2
Added Pin To Net: NetName=A3 Pin=P1-6
Added Pin To Net: NetName=A3 Pin=U3-13
Added Net: Name=A3
Added Pin To Net: NetName=A4 Pin=P1-5
Added Pin To Net: NetName=A4 Pin=U3-14
Added Net: Name=A4
Added Pin To Net: NetName=A5 Pin=P1-4
Added Pin To Net: NetName=A5 Pin=U3-15
Added Net: Name=A5
Added Pin To Net: NetName=A6 Pin=P1-3
Added Pin To Net: NetName=A6 Pin=U3-16
Added Net: Name=A6
Added Pin To Net: NetName=A7 Pin=P1-2
Added Pin To Net: NetName=A7 Pin=U3-17
Added Net: Name=A7
Added Pin To Net: NetName=A8 Pin=P1-1
Added Pin To Net: NetName=A8 Pin=U3-29
Added Net: Name=A8
Added Pin To Net: NetName=NetP2_2 Pin=P2-2
Added Pin To Net: NetName=NetP2_2 Pin=P4-1
Added Net: Name=NetP2_2
Added Pin To Net: NetName=RX3 Pin=P5-2
Added Pin To Net: NetName=RX3 Pin=U3-22
Added Net: Name=RX3
Added Pin To Net: NetName=TX3 Pin=P5-1
Added Pin To Net: NetName=TX3 Pin=U3-21
Added Net: Name=TX3
Added Member To Class: ClassName=MCU Member=Component P1 Header 8
Added Member To Class: ClassName=MCU Member=Component P2 Header 2H
Added Member To Class: ClassName=MCU Member=Component P3 Header 2H
Added Member To Class: ClassName=MCU Member=Component P4 Header 2H
Added Member To Class: ClassName=MCU Member=Component P5 Header 2
