Removed Pin From Net: NetName=A11 Pin=P1-1
Removed Pin From Net: NetName=A10 Pin=P1-2
Removed Pin From Net: NetName=A9 Pin=P1-3
Removed Pin From Net: NetName=A8 Pin=P1-4
Removed Pin From Net: NetName=B5 Pin=P1-5
Removed Pin From Net: NetName=B4 Pin=P1-6
Removed Pin From Net: NetName=B3 Pin=P1-7
Removed Pin From Net: NetName=B2 Pin=P1-8
Removed Member From Class: ClassName=MCU Member=P5
Change Component Designator: OldDesignator=P5 NewDesignator=P1
Added Component: Designator=P2(Header 5)
Add component (AddParameter): Name = "LatestRevisionDate"; Value = "17-Jul-2002"; VariantName = "[No Variations]"
Add component (AddParameter): Name = "LatestRevisionNote"; Value = "Re-released for DXP Platform."; VariantName = "[No Variations]"
Add component (AddParameter): Name = "Publisher"; Value = "Altium Limited"; VariantName = "[No Variations]"
Added Pin To Net: NetName=A8 Pin=P2-1
Added Pin To Net: NetName=B5 Pin=P2-2
Added Pin To Net: NetName=B4 Pin=P2-3
Added Pin To Net: NetName=B3 Pin=P2-4
Added Pin To Net: NetName=B2 Pin=P2-5
Added Member To Class: ClassName=MCU Member=Component P2 Header 5
