Removed Pin From Net: NetName=NetC2_2 Pin=R1-1
Removed Pin From Net: NetName=+5 Pin=R1-2
Removed Member From Class: ClassName=Sheet3 Member=R5
Change Component Comment : Designator=R2 Old Comment=10k New Comment=4.7k
Change Component Designator: OldDesignator=R2 NewDesignator=R1
Change Component Designator: OldDesignator=R3 NewDesignator=R2
Change Component Designator: OldDesignator=R4 NewDesignator=R3
Change Component Designator: OldDesignator=R5 NewDesignator=R4
Change Component Designator: OldDesignator=VR1 NewDesignator=VR2
Added Component: Designator=C?(Cap Non-Pol 3mm)
Add component (AddParameter): Name = "LatestRevisionDate"; Value = "17-Jul-2002"; VariantName = "[No Variations]"
Add component (AddParameter): Name = "LatestRevisionNote"; Value = "Re-released for DXP Platform."; VariantName = "[No Variations]"
Add component (AddParameter): Name = "PackageReference"; Value = "RAD-0.3"; VariantName = "[No Variations]"
Add component (AddParameter): Name = "Published"; Value = "8-Jun-2000"; VariantName = "[No Variations]"
Add component (AddParameter): Name = "Publisher"; Value = "Altium Limited"; VariantName = "[No Variations]"
Add component (AddParameter): Name = "Value"; Value = "104"; VariantName = "[No Variations]"
Added Component: Designator=VR1(VRes-R)
Add component (AddParameter): Name = "LatestRevisionDate"; Value = "17-Jul-2002"; VariantName = "[No Variations]"
Add component (AddParameter): Name = "LatestRevisionNote"; Value = "Re-released for DXP Platform."; VariantName = "[No Variations]"
Add component (AddParameter): Name = "PackageReference"; Value = "AXIAL-0.3"; VariantName = "[No Variations]"
Add component (AddParameter): Name = "Published"; Value = "8-Jun-2000"; VariantName = "[No Variations]"
Add component (AddParameter): Name = "Publisher"; Value = "Altium Limited"; VariantName = "[No Variations]"
Add component (AddParameter): Name = "Value"; Value = "10k"; VariantName = "[No Variations]"
Added Pin To Net: NetName=GND Pin=C?-1
Added Pin To Net: NetName=p_AOUT Pin=C?-2
Added Pin To Net: NetName=+5 Pin=VR1-1
Added Pin To Net: NetName=NetC2_2 Pin=VR1-2
Change Net Name : Old Net Name=NetR3_2 New Net Name=NetR2_2
Added Member To Class: ClassName=Sheet3 Member=Component C? Cap Non-pol
Added Member To Class: ClassName=Sheet3 Member=Component VR2
